[0m16:47:43.650906 [debug] [MainThread]: Sending event: {'category': 'dbt', 'action': 'invocation', 'label': 'start', 'context': [<snowplow_tracker.self_describing_json.SelfDescribingJson object at 0x000001AA24ACF800>, <snowplow_tracker.self_describing_json.SelfDescribingJson object at 0x000001AA28CD4080>, <snowplow_tracker.self_describing_json.SelfDescribingJson object at 0x000001AA2540CBC0>]}


============================== 16:47:43.655906 | e349291a-6feb-4353-93ea-7f95d7634ac7 ==============================
[0m16:47:43.655906 [info ] [MainThread]: Running with dbt=1.8.7
[0m16:47:43.656906 [debug] [MainThread]: running dbt with arguments {'printer_width': '80', 'indirect_selection': 'eager', 'write_json': 'True', 'log_cache_events': 'False', 'partial_parse': 'True', 'cache_selected_only': 'False', 'profiles_dir': 'C:\\Users\\Akram 1\\.dbt', 'debug': 'False', 'warn_error': 'None', 'log_path': 'logs', 'version_check': 'True', 'fail_fast': 'False', 'use_colors': 'True', 'use_experimental_parser': 'False', 'no_print': 'None', 'quiet': 'False', 'empty': 'None', 'log_format': 'default', 'static_parser': 'True', 'invocation_command': 'dbt init my_project', 'warn_error_options': 'WarnErrorOptions(include=[], exclude=[])', 'target_path': 'None', 'introspect': 'True', 'send_anonymous_usage_stats': 'True'}
[0m16:47:43.685907 [warn ] [MainThread]: [ConfigFolderDirectory]: Unable to parse dict {'dir': WindowsPath('C:/Users/Akram 1/.dbt')}
[0m16:47:43.686905 [info ] [MainThread]: Creating dbt configuration folder at 
[0m16:47:43.689907 [debug] [MainThread]: Starter project path: C:\kifiya-week7\myvenv\Lib\site-packages\dbt\include\starter_project
[0m16:47:43.717433 [info ] [MainThread]: 
Your new dbt project "my_project" was created!

For more information on how to configure the profiles.yml file,
please consult the dbt documentation here:

  https://docs.getdbt.com/docs/configure-your-profile

One more thing:

Need help? Don't hesitate to reach out to us via GitHub issues or on Slack:

  https://community.getdbt.com/

Happy modeling!

[0m16:47:43.721431 [info ] [MainThread]: Setting up your profile.
[0m16:15:24.732542 [debug] [MainThread]: Sending event: {'category': 'dbt', 'action': 'invocation', 'label': 'start', 'context': [<snowplow_tracker.self_describing_json.SelfDescribingJson object at 0x0000025DE0439E80>, <snowplow_tracker.self_describing_json.SelfDescribingJson object at 0x0000025DDF83F1A0>, <snowplow_tracker.self_describing_json.SelfDescribingJson object at 0x0000025DE03CE8D0>]}


============================== 16:15:24.739759 | 93cfbf87-9cab-4fe6-afe9-6743b502de8e ==============================
[0m16:15:24.739759 [info ] [MainThread]: Running with dbt=1.8.7
[0m16:15:24.740773 [debug] [MainThread]: running dbt with arguments {'printer_width': '80', 'indirect_selection': 'eager', 'write_json': 'True', 'log_cache_events': 'False', 'partial_parse': 'True', 'cache_selected_only': 'False', 'warn_error': 'None', 'fail_fast': 'False', 'version_check': 'True', 'log_path': 'logs', 'profiles_dir': 'C:\\Users\\Akram 1\\.dbt', 'debug': 'False', 'use_colors': 'True', 'use_experimental_parser': 'False', 'no_print': 'None', 'quiet': 'False', 'empty': 'None', 'warn_error_options': 'WarnErrorOptions(include=[], exclude=[])', 'static_parser': 'True', 'introspect': 'True', 'log_format': 'default', 'target_path': 'None', 'invocation_command': 'dbt init', 'send_anonymous_usage_stats': 'True'}
[0m16:15:39.436356 [debug] [MainThread]: Starter project path: C:\kifiya-week7\myvenv\Lib\site-packages\dbt\include\starter_project
[0m16:15:39.466659 [info ] [MainThread]: 
Your new dbt project "channels" was created!

For more information on how to configure the profiles.yml file,
please consult the dbt documentation here:

  https://docs.getdbt.com/docs/configure-your-profile

One more thing:

Need help? Don't hesitate to reach out to us via GitHub issues or on Slack:

  https://community.getdbt.com/

Happy modeling!

[0m16:15:39.469773 [info ] [MainThread]: Setting up your profile.
[0m16:17:35.483664 [info ] [MainThread]: Profile channels written to C:\Users\Akram 1\.dbt\profiles.yml using target's profile_template.yml and your supplied values. Run 'dbt debug' to validate the connection.
[0m16:17:35.485739 [debug] [MainThread]: Command `dbt init` succeeded at 16:17:35.485739 after 130.89 seconds
[0m16:17:35.487823 [debug] [MainThread]: Sending event: {'category': 'dbt', 'action': 'invocation', 'label': 'end', 'context': [<snowplow_tracker.self_describing_json.SelfDescribingJson object at 0x0000025DDCD5A600>, <snowplow_tracker.self_describing_json.SelfDescribingJson object at 0x0000025DE077F800>, <snowplow_tracker.self_describing_json.SelfDescribingJson object at 0x0000025DE0985970>]}
[0m16:17:35.488601 [debug] [MainThread]: Flushing usage events
[0m09:53:56.420192 [debug] [MainThread]: Sending event: {'category': 'dbt', 'action': 'invocation', 'label': 'start', 'context': [<snowplow_tracker.self_describing_json.SelfDescribingJson object at 0x0000014778FB7170>, <snowplow_tracker.self_describing_json.SelfDescribingJson object at 0x00000147797C8500>, <snowplow_tracker.self_describing_json.SelfDescribingJson object at 0x000001477952CFB0>]}


============================== 09:53:56.420192 | a08cc563-8703-4e50-b0e1-ea342d23e90a ==============================
[0m09:53:56.420192 [info ] [MainThread]: Running with dbt=1.8.7
[0m09:53:56.435836 [debug] [MainThread]: running dbt with arguments {'printer_width': '80', 'indirect_selection': 'eager', 'log_cache_events': 'False', 'write_json': 'True', 'partial_parse': 'True', 'cache_selected_only': 'False', 'warn_error': 'None', 'debug': 'False', 'fail_fast': 'False', 'log_path': 'logs', 'version_check': 'True', 'profiles_dir': 'C:\\Users\\Akram 1\\.dbt', 'use_colors': 'True', 'use_experimental_parser': 'False', 'no_print': 'None', 'quiet': 'False', 'empty': 'False', 'log_format': 'default', 'static_parser': 'True', 'introspect': 'True', 'warn_error_options': 'WarnErrorOptions(include=[], exclude=[])', 'target_path': 'None', 'invocation_command': 'dbt run', 'send_anonymous_usage_stats': 'True'}
[0m09:53:56.435836 [error] [MainThread]: Encountered an error:
Runtime Error
  No dbt_project.yml found at expected path C:\kifiya-week7\dbt_project.yml
  Verify that each entry within packages.yml (and their transitive dependencies) contains a file named dbt_project.yml
  
[0m09:53:56.435836 [debug] [MainThread]: Command `dbt run` failed at 09:53:56.435836 after 0.22 seconds
[0m09:53:56.435836 [debug] [MainThread]: Sending event: {'category': 'dbt', 'action': 'invocation', 'label': 'end', 'context': [<snowplow_tracker.self_describing_json.SelfDescribingJson object at 0x0000014776DC08F0>, <snowplow_tracker.self_describing_json.SelfDescribingJson object at 0x00000147738B48F0>, <snowplow_tracker.self_describing_json.SelfDescribingJson object at 0x000001477970E4E0>]}
[0m09:53:56.435836 [debug] [MainThread]: Flushing usage events
[0m09:53:56.456842 [debug] [MainThread]: Error sending anonymous usage statistics. Disabling tracking for this execution. If you wish to permanently disable tracking, see: https://docs.getdbt.com/reference/global-configs#send-anonymous-usage-stats.
[0m11:54:33.076561 [debug] [MainThread]: Sending event: {'category': 'dbt', 'action': 'invocation', 'label': 'start', 'context': [<snowplow_tracker.self_describing_json.SelfDescribingJson object at 0x000001D07686B8F0>, <snowplow_tracker.self_describing_json.SelfDescribingJson object at 0x000001D076F39100>, <snowplow_tracker.self_describing_json.SelfDescribingJson object at 0x000001D073E8A120>]}


============================== 11:54:33.084559 | 26bb4864-603f-41ac-ab4d-11e16225812b ==============================
[0m11:54:33.084559 [info ] [MainThread]: Running with dbt=1.8.7
[0m11:54:33.085557 [debug] [MainThread]: running dbt with arguments {'printer_width': '80', 'indirect_selection': 'eager', 'log_cache_events': 'False', 'write_json': 'True', 'partial_parse': 'True', 'cache_selected_only': 'False', 'profiles_dir': 'C:\\Users\\Akram 1\\.dbt', 'fail_fast': 'False', 'debug': 'False', 'log_path': 'logs', 'warn_error': 'None', 'version_check': 'True', 'use_colors': 'True', 'use_experimental_parser': 'False', 'empty': 'False', 'quiet': 'False', 'no_print': 'None', 'warn_error_options': 'WarnErrorOptions(include=[], exclude=[])', 'invocation_command': 'dbt run', 'static_parser': 'True', 'introspect': 'True', 'target_path': 'None', 'log_format': 'default', 'send_anonymous_usage_stats': 'True'}
[0m11:54:33.086562 [error] [MainThread]: Encountered an error:
Runtime Error
  No dbt_project.yml found at expected path C:\kifiya-week7\dbt_project.yml
  Verify that each entry within packages.yml (and their transitive dependencies) contains a file named dbt_project.yml
  
[0m11:54:33.089572 [debug] [MainThread]: Command `dbt run` failed at 11:54:33.089572 after 0.24 seconds
[0m11:54:33.090570 [debug] [MainThread]: Sending event: {'category': 'dbt', 'action': 'invocation', 'label': 'end', 'context': [<snowplow_tracker.self_describing_json.SelfDescribingJson object at 0x000001D0775EB830>, <snowplow_tracker.self_describing_json.SelfDescribingJson object at 0x000001D07786CB90>, <snowplow_tracker.self_describing_json.SelfDescribingJson object at 0x000001D07786CE00>]}
[0m11:54:33.091561 [debug] [MainThread]: Flushing usage events
